build/outputs/logs/manifest-merger-debug-report.txt
-- Merging decision tree log ---
manifest
ADDED from MyApplication\MobileMedical\AndroidManifest.xml:2:1-73:12
	package
		ADDED from MyApplication\MobileMedical\AndroidManifest.xml:3:5-36
	android:versionName
		ADDED from MyApplication\MobileMedical\AndroidManifest.xml:5:5-30
		INJECTED from MyApplication\MobileMedical\AndroidManifest.xml
		INJECTED from MyApplication\MobileMedical\AndroidManifest.xml
	android:versionCode
		ADDED from MyApplication\MobileMedical\AndroidManifest.xml:4:5-28
		INJECTED from MyApplication\MobileMedical\AndroidManifest.xml
		INJECTED from MyApplication\MobileMedical\AndroidManifest.xml
	xmlns:android
		ADDED from MyApplication\MobileMedical\AndroidManifest.xml:2:11-69
uses-sdk
ADDED from MyApplication\MobileMedical\AndroidManifest.xml:7:5-9:41
	android:targetSdkVersion
		ADDED from MyApplication\MobileMedical\AndroidManifest.xml:9:9-38
	android:minSdkVersion
		ADDED from MyApplication\MobileMedical\AndroidManifest.xml:8:9-35
uses-permission#android.permission.GET_TASKS
ADDED from MyApplication\MobileMedical\AndroidManifest.xml:11:5-68
	android:name
		ADDED from MyApplication\MobileMedical\AndroidManifest.xml:11:22-65
uses-permission#android.permission.INTERNET
ADDED from MyApplication\MobileMedical\AndroidManifest.xml:12:5-67
	android:name
		ADDED from MyApplication\MobileMedical\AndroidManifest.xml:12:22-64
uses-permission#android.permission.READ_PHONE_STATE
ADDED from MyApplication\MobileMedical\AndroidManifest.xml:14:5-75
	android:name
		ADDED from MyApplication\MobileMedical\AndroidManifest.xml:14:22-72
uses-permission#android.permission.VIBRATE
ADDED from MyApplication\MobileMedical\AndroidManifest.xml:15:5-66
	android:name
		ADDED from MyApplication\MobileMedical\AndroidManifest.xml:15:22-63
uses-permission#android.permission.ACCESS_NETWORK_STATE
ADDED from MyApplication\MobileMedical\AndroidManifest.xml:16:5-79
	android:name
		ADDED from MyApplication\MobileMedical\AndroidManifest.xml:16:22-76
supports-screens
ADDED from MyApplication\MobileMedical\AndroidManifest.xml:18:5-22:39
	android:largeScreens
		ADDED from MyApplication\MobileMedical\AndroidManifest.xml:20:9-36
	android:smallScreens
		ADDED from MyApplication\MobileMedical\AndroidManifest.xml:22:9-36
	android:normalScreens
		ADDED from MyApplication\MobileMedical\AndroidManifest.xml:21:9-37
	android:anyDensity
		ADDED from MyApplication\MobileMedical\AndroidManifest.xml:19:9-34
uses-permission#android.permission.WRITE_EXTERNAL_STORAGE
ADDED from MyApplication\MobileMedical\AndroidManifest.xml:24:5-81
	android:name
		ADDED from MyApplication\MobileMedical\AndroidManifest.xml:24:22-78
uses-permission#android.permission.READ_EXTERNAL_STORAGE
ADDED from MyApplication\MobileMedical\AndroidManifest.xml:25:5-80
	android:name
		ADDED from MyApplication\MobileMedical\AndroidManifest.xml:25:22-77
application
ADDED from MyApplication\MobileMedical\AndroidManifest.xml:27:5-71:19
	android:screenOrientation
		ADDED from MyApplication\MobileMedical\AndroidManifest.xml:31:9-45
	android:label
		ADDED from MyApplication\MobileMedical\AndroidManifest.xml:30:9-41
	android:allowBackup
		ADDED from MyApplication\MobileMedical\AndroidManifest.xml:28:9-35
	android:icon
		ADDED from MyApplication\MobileMedical\AndroidManifest.xml:29:9-45
activity#com.thr.mobilemedical.activity.LoginActivity
ADDED from MyApplication\MobileMedical\AndroidManifest.xml:32:9-40:20
	android:label
		ADDED from MyApplication\MobileMedical\AndroidManifest.xml:34:13-45
	android:name
		ADDED from MyApplication\MobileMedical\AndroidManifest.xml:33:13-51
intent-filter#android.intent.action.MAIN+android.intent.category.LAUNCHER
ADDED from MyApplication\MobileMedical\AndroidManifest.xml:35:13-39:29
action#android.intent.action.MAIN
ADDED from MyApplication\MobileMedical\AndroidManifest.xml:36:17-69
	android:name
		ADDED from MyApplication\MobileMedical\AndroidManifest.xml:36:25-66
category#android.intent.category.LAUNCHER
ADDED from MyApplication\MobileMedical\AndroidManifest.xml:38:17-77
	android:name
		ADDED from MyApplication\MobileMedical\AndroidManifest.xml:38:27-74
activity#com.thr.mobilemedical.activity.MainActivity
ADDED from MyApplication\MobileMedical\AndroidManifest.xml:41:9-43:46
	android:launchMode
		ADDED from MyApplication\MobileMedical\AndroidManifest.xml:43:13-43
	android:name
		ADDED from MyApplication\MobileMedical\AndroidManifest.xml:42:13-50
activity#com.thr.mobilemedical.activity.PatientinfoActivity
ADDED from MyApplication\MobileMedical\AndroidManifest.xml:44:9-46:46
	android:launchMode
		ADDED from MyApplication\MobileMedical\AndroidManifest.xml:46:13-43
	android:name
		ADDED from MyApplication\MobileMedical\AndroidManifest.xml:45:13-57
activity#com.thr.mobilemedical.activity.NursingrecordActivity
ADDED from MyApplication\MobileMedical\AndroidManifest.xml:47:9-49:46
	android:launchMode
		ADDED from MyApplication\MobileMedical\AndroidManifest.xml:49:13-43
	android:name
		ADDED from MyApplication\MobileMedical\AndroidManifest.xml:48:13-59
activity#com.thr.mobilemedical.activity.DropexecuteActivity
ADDED from MyApplication\MobileMedical\AndroidManifest.xml:50:9-52:46
	android:launchMode
		ADDED from MyApplication\MobileMedical\AndroidManifest.xml:52:13-43
	android:name
		ADDED from MyApplication\MobileMedical\AndroidManifest.xml:51:13-57
activity#com.thr.mobilemedical.activity.NursinglistActivity
ADDED from MyApplication\MobileMedical\AndroidManifest.xml:53:9-55:46
	android:launchMode
		ADDED from MyApplication\MobileMedical\AndroidManifest.xml:55:13-43
	android:name
		ADDED from MyApplication\MobileMedical\AndroidManifest.xml:54:13-57
activity#com.thr.mobilemedical.activity.NursingpatrolActivity
ADDED from MyApplication\MobileMedical\AndroidManifest.xml:56:9-58:46
	android:launchMode
		ADDED from MyApplication\MobileMedical\AndroidManifest.xml:58:13-43
	android:name
		ADDED from MyApplication\MobileMedical\AndroidManifest.xml:57:13-59
activity#com.thr.mobilemedical.activity.SettingAcitivity
ADDED from MyApplication\MobileMedical\AndroidManifest.xml:59:9-63
	android:name
		ADDED from MyApplication\MobileMedical\AndroidManifest.xml:59:19-60
activity#com.thr.mobilemedical.activity.TemperaturedetailActivity
ADDED from MyApplication\MobileMedical\AndroidManifest.xml:60:9-72
	android:name
		ADDED from MyApplication\MobileMedical\AndroidManifest.xml:60:19-69
activity#com.thr.mobilemedical.activity.BloodoxygendetailActivity
ADDED from MyApplication\MobileMedical\AndroidManifest.xml:61:9-72
	android:name
		ADDED from MyApplication\MobileMedical\AndroidManifest.xml:61:19-69
activity#com.thr.mobilemedical.activity.BloodsugerdetailActivity
ADDED from MyApplication\MobileMedical\AndroidManifest.xml:62:9-71
	android:name
		ADDED from MyApplication\MobileMedical\AndroidManifest.xml:62:19-68
activity#com.thr.mobilemedical.activity.BloodpressuredetailActivity
ADDED from MyApplication\MobileMedical\AndroidManifest.xml:63:9-74
	android:name
		ADDED from MyApplication\MobileMedical\AndroidManifest.xml:63:19-71
activity#com.thr.mobilemedical.activity.ExamDetailActivity
ADDED from MyApplication\MobileMedical\AndroidManifest.xml:64:9-65
	android:name
		ADDED from MyApplication\MobileMedical\AndroidManifest.xml:64:19-62
activity#com.thr.mobilemedical.activity.DropdetailActivity
ADDED from MyApplication\MobileMedical\AndroidManifest.xml:65:9-65
	android:name
		ADDED from MyApplication\MobileMedical\AndroidManifest.xml:65:19-62
activity#com.thr.mobilemedical.activity.HandleActivity
ADDED from MyApplication\MobileMedical\AndroidManifest.xml:66:9-61
	android:name
		ADDED from MyApplication\MobileMedical\AndroidManifest.xml:66:19-58
activity#com.thr.mobilemedical.activity.OrallyActivity
ADDED from MyApplication\MobileMedical\AndroidManifest.xml:67:9-61
	android:name
		ADDED from MyApplication\MobileMedical\AndroidManifest.xml:67:19-58
activity#com.thr.mobilemedical.activity.ChooseExecutionActivity
ADDED from MyApplication\MobileMedical\AndroidManifest.xml:68:9-70
	android:name
		ADDED from MyApplication\MobileMedical\AndroidManifest.xml:68:19-67
activity#com.thr.mobilemedical.activity.ReminderSettingActivity
ADDED from MyApplication\MobileMedical\AndroidManifest.xml:69:9-70
	android:name
		ADDED from MyApplication\MobileMedical\AndroidManifest.xml:69:19-67
activity#com.thr.mobilemedical.activity.NewReminderActivity
ADDED from MyApplication\MobileMedical\AndroidManifest.xml:70:9-75
	android:name
		ADDED from MyApplication\MobileMedical\AndroidManifest.xml:70:19-63